<?xml version="1.0" encoding="UTF-8"?>
<!-- Generated by org.testng.reporters.JUnitXMLReporter -->
<testsuite hostname="Walkingtree-PC" ignored="0" name="Default test" tests="3" failures="0" timestamp="05 Mar 2018 13:13:13 GMT" time="0.097" errors="0">
  <testcase name="@BeforeSuite OpenBrowser" time="0.0" classname="com.framework.reusable.driverEngine">
    <failure type="org.testng.TestNGException" message="
Parameter &amp;apos;BrowserName&amp;apos; is required by BeforeSuite on method OpenBrowser but has not been marked @Optional or defined
in C:\Users\Walkingtree\AppData\Local\Temp\testng-eclipse-1123005228\testng-customsuite.xml">
      <![CDATA[org.testng.TestNGException: Parameter 'BrowserName' is required by BeforeSuite on method OpenBrowser but has not been marked @Optional or definedin C:\Users\Walkingtree\AppData\Local\Temp\testng-eclipse-1123005228\testng-customsuite.xmlat org.testng.internal.Parameters.createParams(Parameters.java:290)at org.testng.internal.Parameters.createParametersForMethod(Parameters.java:359)at org.testng.internal.Parameters.createParameters(Parameters.java:620)at org.testng.internal.Parameters.createConfigurationParameters(Parameters.java:190)at org.testng.internal.Invoker.invokeConfigurations(Invoker.java:209)at org.testng.internal.Invoker.invokeConfigurations(Invoker.java:142)at org.testng.SuiteRunner.privateRun(SuiteRunner.java:401)at org.testng.SuiteRunner.run(SuiteRunner.java:364)at org.testng.SuiteRunnerWorker.runSuite(SuiteRunnerWorker.java:52)at org.testng.SuiteRunnerWorker.run(SuiteRunnerWorker.java:84)at org.testng.TestNG.runSuitesSequentially(TestNG.java:1187)at org.testng.TestNG.runSuitesLocally(TestNG.java:1116)at org.testng.TestNG.runSuites(TestNG.java:1028)at org.testng.TestNG.run(TestNG.java:996)at org.testng.remote.AbstractRemoteTestNG.run(AbstractRemoteTestNG.java:114)at org.testng.remote.RemoteTestNG.initAndRun(RemoteTestNG.java:251)at org.testng.remote.RemoteTestNG.main(RemoteTestNG.java:77)]]>
    </failure>
  </testcase> <!-- @BeforeSuite OpenBrowser -->
  <testcase name="@BeforeMethod getMethodName" time="0.0" classname="com.framework.reusable.driverEngine">
    <skipped/>
  </testcase> <!-- @BeforeMethod getMethodName -->
  <testcase name="@AfterMethod getMethodName2" time="0.0" classname="com.framework.reusable.driverEngine">
    <skipped/>
  </testcase> <!-- @AfterMethod getMethodName2 -->
  <testcase name="@AfterMethod takeFailureTestCaseScreenShot" time="0.0" classname="com.framework.reusable.driverEngine">
    <skipped/>
  </testcase> <!-- @AfterMethod takeFailureTestCaseScreenShot -->
  <testcase name="@BeforeMethod getMethodName" time="0.0" classname="com.framework.reusable.driverEngine">
    <skipped/>
  </testcase> <!-- @BeforeMethod getMethodName -->
  <testcase name="@AfterMethod getMethodName2" time="0.0" classname="com.framework.reusable.driverEngine">
    <skipped/>
  </testcase> <!-- @AfterMethod getMethodName2 -->
  <testcase name="@AfterMethod takeFailureTestCaseScreenShot" time="0.0" classname="com.framework.reusable.driverEngine">
    <skipped/>
  </testcase> <!-- @AfterMethod takeFailureTestCaseScreenShot -->
  <testcase name="@BeforeMethod getMethodName" time="0.0" classname="com.framework.reusable.driverEngine">
    <skipped/>
  </testcase> <!-- @BeforeMethod getMethodName -->
  <testcase name="@AfterMethod getMethodName2" time="0.0" classname="com.framework.reusable.driverEngine">
    <skipped/>
  </testcase> <!-- @AfterMethod getMethodName2 -->
  <testcase name="@AfterMethod takeFailureTestCaseScreenShot" time="0.0" classname="com.framework.reusable.driverEngine">
    <skipped/>
  </testcase> <!-- @AfterMethod takeFailureTestCaseScreenShot -->
  <testcase name="loadUrlAndCheckCorrectPageIsOpenningOrNot" time="0.0" classname="dummyProject.gmailRegistrationUsingFrameWork">
    <skipped/>
  </testcase> <!-- loadUrlAndCheckCorrectPageIsOpenningOrNot -->
  <testcase name="openGmailRegistrationPage" time="0.0" classname="dummyProject.gmailRegistrationUsingFrameWork">
    <skipped/>
  </testcase> <!-- openGmailRegistrationPage -->
  <testcase name="fillGmailRegistratationForm" time="0.0" classname="dummyProject.gmailRegistrationUsingFrameWork">
    <skipped/>
  </testcase> <!-- fillGmailRegistratationForm -->
</testsuite> <!-- Default test -->
