<?xml version="1.0" encoding="UTF-8"?>
<!-- Generated by org.testng.reporters.JUnitXMLReporter -->
<testsuite hostname="Walkingtree-PC" ignored="0" name="chrome" tests="3" failures="2" timestamp="09 Mar 2018 13:55:35 GMT" time="10.83" errors="0">
  <testcase name="loadUrlAndCheckCorrectPageIsOpenningOrNot" time="9.959" classname="dummyProject.gmailRegistrationUsingFrameWork"/>
  <testcase name="openGmailRegistrationPage" time="0.002" classname="dummyProject.gmailRegistrationUsingFrameWork">
    <failure type="java.lang.ArrayIndexOutOfBoundsException" message="1">
      <![CDATA[java.lang.ArrayIndexOutOfBoundsException: 1at com.action.utility.action.getLocator(action.java:28)at com.action.utility.action.click(action.java:120)at dummyProject.gmailRegistrationUsingFrameWork.openGmailRegistrationPage(gmailRegistrationUsingFrameWork.java:35)... Removed 25 stack frames]]>
    </failure>
  </testcase> <!-- openGmailRegistrationPage -->
  <testcase name="fillGmailRegistratationForm" time="0.026" classname="dummyProject.gmailRegistrationUsingFrameWork">
    <failure type="java.lang.ArrayIndexOutOfBoundsException" message="1">
      <![CDATA[java.lang.ArrayIndexOutOfBoundsException: 1at com.action.utility.action.getLocator(action.java:28)at com.action.utility.action.sendKeys(action.java:112)at dummyProject.gmailRegistrationUsingFrameWork.fillGmailRegistratationForm(gmailRegistrationUsingFrameWork.java:57)... Removed 25 stack frames]]>
    </failure>
  </testcase> <!-- fillGmailRegistratationForm -->
</testsuite> <!-- chrome -->
