<?xml version="1.0" encoding="UTF-8"?>
<!-- Generated by org.testng.reporters.JUnitXMLReporter -->
<testsuite hostname="Walkingtree-PC" ignored="0" name="chrome" tests="3" failures="0" timestamp="05 Mar 2018 13:13:54 GMT" time="15.209" errors="0">
  <testcase name="loadUrlAndCheckCorrectPageIsOpenningOrNot" time="9.354" classname="dummyProject.gmailRegistrationUsingFrameWork"/>
  <testcase name="openGmailRegistrationPage" time="5.411" classname="dummyProject.gmailRegistrationUsingFrameWork"/>
  <testcase name="fillGmailRegistratationForm" time="0.415" classname="dummyProject.gmailRegistrationUsingFrameWork"/>
</testsuite> <!-- chrome -->
